2020-09-02 00:31:40,303 [Worker-2: Loading available Gradle versions] INFO  o.e.b.c.i.u.g.PublishedGradleVersions - Gradle version information cache is out-of-date. Trying to update.
2020-09-02 01:17:02,997 [Worker-4: Loading available Gradle versions] INFO  o.e.b.c.i.u.g.PublishedGradleVersions - Gradle version information cache is up-to-date. Trying to read.
2020-09-02 12:29:27,019 [Worker-4: Loading available Gradle versions] INFO  o.e.b.c.i.u.g.PublishedGradleVersions - Gradle version information cache is up-to-date. Trying to read.
2020-09-15 12:39:11,849 [Worker-4: Loading available Gradle versions] INFO  o.e.b.c.i.u.g.PublishedGradleVersions - Gradle version information cache is out-of-date. Trying to update.
2020-09-15 12:39:33,688 [Worker-20: Importing Maven projects] INFO  o.e.m.c.i.l.LifecycleMappingFactory - Using org.eclipse.m2e.jdt.JarLifecycleMapping lifecycle mapping for MavenProject: com.dsi.bibliosys:biblioback:0.0.1-SNAPSHOT @ C:\Users\gregg\Documents\openclassrooms\developpeur_applications_java\07_developper_systeme_bibliotheque\bibliosys\biblioback\pom.xml.
2020-09-15 12:39:34,636 [Worker-20: Importing Maven projects] INFO  o.e.m.c.i.e.AbstractTransferListenerAdapter - Downloading https://repo.maven.apache.org/maven2/org/postgresql/postgresql/42.2.14/postgresql-42.2.14.pom
2020-09-15 12:39:34,708 [Worker-20: Importing Maven projects] INFO  o.e.m.c.i.e.AbstractTransferListenerAdapter - Downloaded https://repo.maven.apache.org/maven2/org/postgresql/postgresql/42.2.14/postgresql-42.2.14.pom
2020-09-15 12:39:35,045 [Worker-20: Importing Maven projects] INFO  o.e.m.c.i.e.AbstractTransferListenerAdapter - Downloading https://repo.maven.apache.org/maven2/org/postgresql/postgresql/42.2.14/postgresql-42.2.14.jar
2020-09-15 12:39:35,229 [Worker-20: Importing Maven projects] INFO  o.e.m.c.i.e.AbstractTransferListenerAdapter - Downloaded https://repo.maven.apache.org/maven2/org/postgresql/postgresql/42.2.14/postgresql-42.2.14.jar
2020-09-15 12:39:37,400 [Worker-20: Importing Maven projects] INFO  o.e.m.j.i.AbstractJavaProjectConfigurator - Adding source folder /biblioback/src/main/java
2020-09-15 12:39:37,401 [Worker-20: Importing Maven projects] INFO  o.e.m.j.i.AbstractJavaProjectConfigurator - Adding resource folder /biblioback/src/main/resources
2020-09-15 12:39:37,405 [Worker-20: Importing Maven projects] INFO  o.e.m.j.i.AbstractJavaProjectConfigurator - Adding resource folder /biblioback/src/main/resources
2020-09-15 12:39:37,410 [Worker-20: Importing Maven projects] INFO  o.e.m.j.i.AbstractJavaProjectConfigurator - Adding source folder /biblioback/src/test/java
2020-09-15 12:39:38,215 [Worker-2: Download sources and javadoc] INFO  o.e.m.c.i.e.AbstractTransferListenerAdapter - Downloading https://repo.maven.apache.org/maven2/org/postgresql/postgresql/42.2.14/postgresql-42.2.14-sources.jar
2020-09-15 12:39:38,382 [Worker-2: Download sources and javadoc] INFO  o.e.m.c.i.e.AbstractTransferListenerAdapter - Downloaded https://repo.maven.apache.org/maven2/org/postgresql/postgresql/42.2.14/postgresql-42.2.14-sources.jar
2020-09-15 12:39:38,413 [Worker-2: Download sources and javadoc] INFO  o.e.m.j.internal.DownloadSourcesJob - Downloaded sources for org.postgresql:postgresql:42.2.14
2020-09-15 12:39:43,882 [Worker-20: Importing Maven projects] INFO  o.e.m.c.i.p.ProjectConfigurationManager - Imported and configured 1 project(s) in 14 sec
2020-09-15 12:39:45,900 [Worker-16: Building] INFO  o.e.m.c.i.embedder.EclipseLogger - Using 'UTF-8' encoding to copy filtered resources.
2020-09-15 12:39:45,904 [Worker-16: Building] INFO  o.e.m.c.i.embedder.EclipseLogger - Copying 1 resource
2020-09-15 12:39:45,917 [Worker-16: Building] INFO  o.e.m.c.i.embedder.EclipseLogger - Copying 0 resource
2020-09-15 12:39:45,920 [Worker-16: Building] INFO  o.e.m.c.i.embedder.EclipseLogger - Using 'UTF-8' encoding to copy filtered resources.
2020-09-15 12:39:45,920 [Worker-16: Building] INFO  o.e.m.c.i.embedder.EclipseLogger - skip non existing resourceDirectory C:\Users\gregg\Documents\openclassrooms\developpeur_applications_java\07_developper_systeme_bibliotheque\bibliosys\biblioback\src\test\resources
2020-09-15 16:19:46,091 [Worker-41: Importing Maven projects] INFO  o.e.m.c.i.l.LifecycleMappingFactory - Using org.eclipse.m2e.jdt.JarLifecycleMapping lifecycle mapping for MavenProject: com.dsi.bibliosys:bibliobatch:0.0.1-SNAPSHOT @ C:\Users\gregg\Documents\openclassrooms\developpeur_applications_java\07_developper_systeme_bibliotheque\bibliosys\bibliobatch\pom.xml.
2020-09-15 16:19:46,629 [Worker-41: Importing Maven projects] INFO  o.e.m.c.i.l.LifecycleMappingFactory - Using org.eclipse.m2e.jdt.JarLifecycleMapping lifecycle mapping for MavenProject: com.dsi.bibliosys:bibliofront:0.0.1-SNAPSHOT @ C:\Users\gregg\Documents\openclassrooms\developpeur_applications_java\07_developper_systeme_bibliotheque\bibliosys\bibliofront\pom.xml.
2020-09-15 16:19:54,567 [Worker-41: Importing Maven projects] INFO  o.e.m.j.i.AbstractJavaProjectConfigurator - Adding source folder /bibliofront/src/main/java
2020-09-15 16:19:54,567 [Worker-41: Importing Maven projects] INFO  o.e.m.j.i.AbstractJavaProjectConfigurator - Adding resource folder /bibliofront/src/main/resources
2020-09-15 16:19:54,571 [Worker-41: Importing Maven projects] INFO  o.e.m.j.i.AbstractJavaProjectConfigurator - Adding resource folder /bibliofront/src/main/resources
2020-09-15 16:19:54,576 [Worker-41: Importing Maven projects] INFO  o.e.m.j.i.AbstractJavaProjectConfigurator - Adding source folder /bibliofront/src/test/java
2020-09-15 16:19:57,660 [Worker-41: Importing Maven projects] INFO  o.e.m.j.i.AbstractJavaProjectConfigurator - Adding source folder /bibliobatch/src/main/java
2020-09-15 16:19:57,660 [Worker-41: Importing Maven projects] INFO  o.e.m.j.i.AbstractJavaProjectConfigurator - Adding resource folder /bibliobatch/src/main/resources
2020-09-15 16:19:57,664 [Worker-41: Importing Maven projects] INFO  o.e.m.j.i.AbstractJavaProjectConfigurator - Adding resource folder /bibliobatch/src/main/resources
2020-09-15 16:19:57,669 [Worker-41: Importing Maven projects] INFO  o.e.m.j.i.AbstractJavaProjectConfigurator - Adding source folder /bibliobatch/src/test/java
2020-09-15 16:19:57,938 [Worker-41: Importing Maven projects] INFO  o.e.m.c.i.p.ProjectConfigurationManager - Imported and configured 2 project(s) in 12 sec
2020-09-15 16:19:58,923 [Worker-40: Building] INFO  o.e.m.c.i.embedder.EclipseLogger - Using 'UTF-8' encoding to copy filtered resources.
2020-09-15 16:19:58,923 [Worker-40: Building] INFO  o.e.m.c.i.embedder.EclipseLogger - Copying 1 resource
2020-09-15 16:19:58,925 [Worker-40: Building] INFO  o.e.m.c.i.embedder.EclipseLogger - Copying 0 resource
2020-09-15 16:19:58,927 [Worker-40: Building] INFO  o.e.m.c.i.embedder.EclipseLogger - Using 'UTF-8' encoding to copy filtered resources.
2020-09-15 16:19:58,927 [Worker-40: Building] INFO  o.e.m.c.i.embedder.EclipseLogger - skip non existing resourceDirectory C:\Users\gregg\Documents\openclassrooms\developpeur_applications_java\07_developper_systeme_bibliotheque\bibliosys\bibliobatch\src\test\resources
2020-09-15 16:19:59,855 [Worker-40: Building] INFO  o.e.m.c.i.embedder.EclipseLogger - Using 'UTF-8' encoding to copy filtered resources.
2020-09-15 16:19:59,855 [Worker-40: Building] INFO  o.e.m.c.i.embedder.EclipseLogger - Copying 1 resource
2020-09-15 16:19:59,857 [Worker-40: Building] INFO  o.e.m.c.i.embedder.EclipseLogger - Copying 0 resource
2020-09-15 16:19:59,860 [Worker-40: Building] INFO  o.e.m.c.i.embedder.EclipseLogger - Using 'UTF-8' encoding to copy filtered resources.
2020-09-15 16:19:59,860 [Worker-40: Building] INFO  o.e.m.c.i.embedder.EclipseLogger - skip non existing resourceDirectory C:\Users\gregg\Documents\openclassrooms\developpeur_applications_java\07_developper_systeme_bibliotheque\bibliosys\bibliofront\src\test\resources
